<?xml version="1.0" encoding="UTF-8" ?>
<testsuite tests="5" failures="0" name="pl.kkisiel.java.CarRentalTest" time="1.978" errors="0" skipped="0">
  <properties>
[...]
</properties>
  <testcase classname="pl.kkisiel.java.CarRentalTest" name="testKrzysztofKisiel" time="0.588"/>
  <testcase classname="pl.kkisiel.java.CarRentalTest" name="testCountLoans" time="0.382"/>
  <testcase classname="pl.kkisiel.java.CarRentalTest" name="testFordFocus" time="0.336"/>
  <testcase classname="pl.kkisiel.java.CarRentalTest" name="testTest" time="0.335"/>
  <testcase classname="pl.kkisiel.java.CarRentalTest" name="testAmount" time="0.328"/>
</testsuite>